  WQ Interface Messages File
 DIO Read ERROR:          203  :
 Could not open   for reading                                                   
  
                                                                                
                                                                                
                                                                                
                    
 DIO Read ERROR:          203  :
 Could not open   for reading                                                   
  
                                                                                
                                                                                
                                                                                
                    
segmnt(     1) =     1    1
segmnt(     2) =     2    2
segmnt(     3) =     4    1
segmnt(     4) =     5    1
segmnt(     5) =     6    1
segmnt(     6) =     7    1
segmnt(     7) =     8    1
segmnt(     8) =     9    1
segmnt(     9) =    10    1
segmnt(    10) =    11    1
segmnt(    11) =    12    1
segmnt(    12) =    13    1
segmnt(    13) =    14    2
segmnt(    14) =    16    1
segmnt(    15) =    17    2
segmnt(    16) =    19    3
segmnt(    17) =    22    2
segmnt(    18) =    24    1
segmnt(    19) =    25    2
segmnt(    20) =    27    1
strgar(     1) = [1_20                                    ]
strgar(     2) = [1_s5                                    ]
strgar(     3) = [1_19                                    ]
strgar(     4) = [1_18                                    ]
strgar(     5) = [1_17                                    ]
strgar(     6) = [1_16                                    ]
strgar(     7) = [1_15                                    ]
strgar(     8) = [1_14                                    ]
strgar(     9) = [1_13                                    ]
strgar(    10) = [1_12                                    ]
strgar(    11) = [1_11                                    ]
strgar(    12) = [1_10                                    ]
strgar(    13) = [1_9                                     ]
strgar(    14) = [1                                       ]
strgar(    15) = [1_8                                     ]
strgar(    16) = [1_7                                     ]
strgar(    17) = [1_s4                                    ]
strgar(    18) = [1_6                                     ]
strgar(    19) = [1_s1                                    ]
strgar(    20) = [1_5                                     ]
strgar(    21) = [@L1                                     ]
strgar(    22) = [1_s3                                    ]
strgar(    23) = [1_4                                     ]
strgar(    24) = [1_3                                     ]
strgar(    25) = [1_s2                                    ]
strgar(    26) = [1_2                                     ]
strgar(    27) = [1_1                                     ]
NOBJM                      :    30
NOBJ after reading segments:    27
Junction(1) 1_1                  PlayTyp PlayObj FromSeg   ToSeg FroPlay  ToPlay
                                       1     -27
                                       1      26
                                                      20      19       1       2
Junction(1) 1_3                  PlayTyp PlayObj FromSeg   ToSeg FroPlay  ToPlay
                                       1     -24
                                       1      23
                                                      18      17       1       2
Junction(1) 1_2                  PlayTyp PlayObj FromSeg   ToSeg FroPlay  ToPlay
                                       1     -25
                                       1      24
                                                      19      18       1       2
Junction(1) 1_4                  PlayTyp PlayObj FromSeg   ToSeg FroPlay  ToPlay
                                       1     -22
                                       1      20
                                                      17      16       1       2
Junction(1) 1_5                  PlayTyp PlayObj FromSeg   ToSeg FroPlay  ToPlay
                                       1     -19
                                       1      18
                                                      16      15       1       2
Junction(1) 1_7                  PlayTyp PlayObj FromSeg   ToSeg FroPlay  ToPlay
                                       1     -16
                                       1      15
                                                      14      13       1       2
Junction(1) 1_6                  PlayTyp PlayObj FromSeg   ToSeg FroPlay  ToPlay
                                       1     -17
                                       1      16
                                                      15      14       1       2
Junction(1) 1_9                  PlayTyp PlayObj FromSeg   ToSeg FroPlay  ToPlay
                                       1     -13
                                       1      12
                                                      12      11       1       2
Junction(1) 1_8                  PlayTyp PlayObj FromSeg   ToSeg FroPlay  ToPlay
                                       1     -14
                                       1      13
                                                      13      12       1       2
Junction(1) 1_10                 PlayTyp PlayObj FromSeg   ToSeg FroPlay  ToPlay
                                       1     -12
                                       1      11
                                                      11      10       1       2
Junction(1) 1_11                 PlayTyp PlayObj FromSeg   ToSeg FroPlay  ToPlay
                                       1     -11
                                       1      10
                                                      10       9       1       2
Junction(1) 1_12                 PlayTyp PlayObj FromSeg   ToSeg FroPlay  ToPlay
                                       1     -10
                                       1       9
                                                       9       8       1       2
Junction(1) 1_13                 PlayTyp PlayObj FromSeg   ToSeg FroPlay  ToPlay
                                       1      -9
                                       1       8
                                                       8       7       1       2
Junction(1) 1_14                 PlayTyp PlayObj FromSeg   ToSeg FroPlay  ToPlay
                                       1      -8
                                       1       7
                                                       7       6       1       2
Junction(1) 1_15                 PlayTyp PlayObj FromSeg   ToSeg FroPlay  ToPlay
                                       1      -7
                                       1       6
                                                       6       5       1       2
Junction(1) 1_16                 PlayTyp PlayObj FromSeg   ToSeg FroPlay  ToPlay
                                       1      -6
                                       1       5
                                                       5       4       1       2
Junction(1) 1_17                 PlayTyp PlayObj FromSeg   ToSeg FroPlay  ToPlay
                                       1      -5
                                       1       4
                                                       4       3       1       2
Junction(1) 1_18                 PlayTyp PlayObj FromSeg   ToSeg FroPlay  ToPlay
                                       1      -4
                                       1       3
                                                       3       2       1       2
Junction(1) 1_19                 PlayTyp PlayObj FromSeg   ToSeg FroPlay  ToPlay
                                       1      -2
                                       1       1
                                                       2       1       1       2
Junction(3) 1                    PlayTyp PlayObj FromSeg   ToSeg FroPlay  ToPlay
                                       1      27
                                       3      28
                                                      -1      20       2       1
Junction(3) L1                   PlayTyp PlayObj FromSeg   ToSeg FroPlay  ToPlay
                                       3      21
                                                      -2      16       1       0
Junction(3) 21                   PlayTyp PlayObj FromSeg   ToSeg FroPlay  ToPlay
                                       1      -1
                                       3      29
                                                      -3       1       2       1
NOBJ after reading exchanges:    29
strgar(    28) = [@1                                      ]
strgar(    29) = [@21                                     ]
NOBJ after reading structures:    29
NOBJ after mapping locations:    29
NOTS                        :   865
 ChezyInStructureBranches=   50.00000    
 ChezyInNodeObjects=   50.00000    
Substance  1: NH4                 (gN/m3)   
Substance  2: CBOD5               (gO2/m3)  
Substance  3: CBOD5_2             (gO2/m3)  
Substance  4: OXY                 (g/m3)    
Substance  5: Continuity          (g/m3)    
Substance  6: SOD                 (gO2/m3)  
Hor. Surfaces used to scale initial conditions:
surfi(   1)=     450.0
surfi(   2)=     900.0
surfi(   3)=     900.0
surfi(   4)=     900.0
surfi(   5)=     900.0
surfi(   6)=     900.0
surfi(   7)=     900.0
surfi(   8)=     900.0
surfi(   9)=     900.0
surfi(  10)=     900.0
surfi(  11)=     900.0
surfi(  12)=     900.0
surfi(  13)=     900.0
surfi(  14)=     900.0
surfi(  15)=     900.0
surfi(  16)=     900.0
surfi(  17)=     900.0
surfi(  18)=     900.0
surfi(  19)=     900.0
surfi(  20)=     450.0
  Min Volume read:   1.0000000E-03
