  WQ Interface Messages File
 DIO Read ERROR:          203  :
 Could not open   for reading                                                   
  
                                                                                
                                                                                
                                                                                
                    
 DIO Read ERROR:          203  :
 Could not open   for reading                                                   
  
                                                                                
                                                                                
                                                                                
                    
segmnt(     1) =     1    2
segmnt(     2) =     3    1
segmnt(     3) =     4    2
segmnt(     4) =     6    1
segmnt(     5) =     7    2
segmnt(     6) =     9    1
segmnt(     7) =    10    2
segmnt(     8) =    12    1
segmnt(     9) =    13    2
segmnt(    10) =    15    1
segmnt(    11) =    16    1
segmnt(    12) =    17    2
segmnt(    13) =    19    1
segmnt(    14) =    20    1
segmnt(    15) =    21    1
segmnt(    16) =    22    1
segmnt(    17) =    23    2
segmnt(    18) =    25    1
segmnt(    19) =    26    1
segmnt(    20) =    27    2
segmnt(    21) =    29    2
segmnt(    22) =    31    2
segmnt(    23) =    33    2
segmnt(    24) =    35    1
segmnt(    25) =    36    1
strgar(     1) = [1_1                                     ]
strgar(     2) = [3                                       ]
strgar(     3) = [1_2                                     ]
strgar(     4) = [1_3                                     ]
strgar(     5) = [1_s5                                    ]
strgar(     6) = [1_4                                     ]
strgar(     7) = [1_5                                     ]
strgar(     8) = [1_s3                                    ]
strgar(     9) = [1_6                                     ]
strgar(    10) = [1_7                                     ]
strgar(    11) = [1_s2                                    ]
strgar(    12) = [1_8                                     ]
strgar(    13) = [1_9                                     ]
strgar(    14) = [1_s1                                    ]
strgar(    15) = [1_10                                    ]
strgar(    16) = [2_1                                     ]
strgar(    17) = [2_2                                     ]
strgar(    18) = [2_s1                                    ]
strgar(    19) = [2_3                                     ]
strgar(    20) = [2_4                                     ]
strgar(    21) = [2_5                                     ]
strgar(    22) = [2_6                                     ]
strgar(    23) = [2_7                                     ]
strgar(    24) = [1                                       ]
strgar(    25) = [2_8                                     ]
strgar(    26) = [2_9                                     ]
strgar(    27) = [2_10                                    ]
strgar(    28) = [4                                       ]
strgar(    29) = [3_1                                     ]
strgar(    30) = [5                                       ]
strgar(    31) = [3_2                                     ]
strgar(    32) = [2                                       ]
strgar(    33) = [3_3                                     ]
strgar(    34) = [3_s1                                    ]
strgar(    35) = [3_4                                     ]
strgar(    36) = [3_5                                     ]
NOBJM                      :    39
NOBJ after reading segments:    36
Junction(1) 1                    PlayTyp PlayObj FromSeg   ToSeg FroPlay  ToPlay
                                       1      -1
                                       1     -29
                                       1      28
                                                       1      21       1       2
                                                       1      20       1       3
                                                      21      20       2       3
Junction(1) 1_1                  PlayTyp PlayObj FromSeg   ToSeg FroPlay  ToPlay
                                       1      -3
                                       1       2
                                                       2       1       1       2
Junction(1) 1_2                  PlayTyp PlayObj FromSeg   ToSeg FroPlay  ToPlay
                                       1      -4
                                       1       3
                                                       3       2       1       2
Junction(1) 1_3                  PlayTyp PlayObj FromSeg   ToSeg FroPlay  ToPlay
                                       1      -6
                                       1       5
                                                       4       3       1       2
Junction(1) 1_4                  PlayTyp PlayObj FromSeg   ToSeg FroPlay  ToPlay
                                       1      -7
                                       1       6
                                                       5       4       1       2
Junction(1) 1_5                  PlayTyp PlayObj FromSeg   ToSeg FroPlay  ToPlay
                                       1      -9
                                       1       8
                                                       6       5       1       2
Junction(1) 1_6                  PlayTyp PlayObj FromSeg   ToSeg FroPlay  ToPlay
                                       1     -10
                                       1       9
                                                       7       6       1       2
Junction(1) 1_7                  PlayTyp PlayObj FromSeg   ToSeg FroPlay  ToPlay
                                       1     -12
                                       1      11
                                                       8       7       1       2
Junction(1) 1_8                  PlayTyp PlayObj FromSeg   ToSeg FroPlay  ToPlay
                                       1     -13
                                       1      12
                                                       9       8       1       2
Junction(1) 1_9                  PlayTyp PlayObj FromSeg   ToSeg FroPlay  ToPlay
                                       1     -15
                                       1      14
                                                      10       9       1       2
Junction(1) 2_1                  PlayTyp PlayObj FromSeg   ToSeg FroPlay  ToPlay
                                       1     -17
                                       1      16
                                                      12      11       1       2
Junction(1) 2_2                  PlayTyp PlayObj FromSeg   ToSeg FroPlay  ToPlay
                                       1     -19
                                       1      18
                                                      13      12       1       2
Junction(1) 2_3                  PlayTyp PlayObj FromSeg   ToSeg FroPlay  ToPlay
                                       1     -20
                                       1      19
                                                      14      13       1       2
Junction(1) 2_4                  PlayTyp PlayObj FromSeg   ToSeg FroPlay  ToPlay
                                       1     -21
                                       1      20
                                                      15      14       1       2
Junction(1) 2_5                  PlayTyp PlayObj FromSeg   ToSeg FroPlay  ToPlay
                                       1     -22
                                       1      21
                                                      16      15       1       2
Junction(1) 2_6                  PlayTyp PlayObj FromSeg   ToSeg FroPlay  ToPlay
                                       1     -23
                                       1      22
                                                      17      16       1       2
Junction(1) 2_7                  PlayTyp PlayObj FromSeg   ToSeg FroPlay  ToPlay
                                       1     -25
                                       1      24
                                                      18      17       1       2
Junction(1) 2_8                  PlayTyp PlayObj FromSeg   ToSeg FroPlay  ToPlay
                                       1     -26
                                       1      25
                                                      19      18       1       2
Junction(1) 2_9                  PlayTyp PlayObj FromSeg   ToSeg FroPlay  ToPlay
                                       1     -27
                                       1      26
                                                      20      19       1       2
Junction(1) 3_1                  PlayTyp PlayObj FromSeg   ToSeg FroPlay  ToPlay
                                       1     -31
                                       1      30
                                                      22      21       1       2
Junction(1) 3_2                  PlayTyp PlayObj FromSeg   ToSeg FroPlay  ToPlay
                                       1     -33
                                       1      32
                                                      23      22       1       2
Junction(1) 3_3                  PlayTyp PlayObj FromSeg   ToSeg FroPlay  ToPlay
                                       1     -35
                                       1      34
                                                      24      23       1       2
Junction(1) 3_4                  PlayTyp PlayObj FromSeg   ToSeg FroPlay  ToPlay
                                       1     -36
                                       1      35
                                                      25      24       1       2
Junction(3) 11                   PlayTyp PlayObj FromSeg   ToSeg FroPlay  ToPlay
                                       1      15
                                       3      37
                                                      -1      10       2       1
Junction(3) 12                   PlayTyp PlayObj FromSeg   ToSeg FroPlay  ToPlay
                                       1     -16
                                       3      38
                                                      -2      11       2       1
Junction(3) 26                   PlayTyp PlayObj FromSeg   ToSeg FroPlay  ToPlay
                                       1      36
                                       3      39
                                                      -3      25       2       1
NOBJ after reading exchanges:    39
strgar(    37) = [@11                                     ]
strgar(    38) = [@12                                     ]
strgar(    39) = [@26                                     ]
NOBJ after reading structures:    39
NOBJ after mapping locations:    39
NOTS                        :   577
 ChezyInStructureBranches=   50.00000    
 ChezyInNodeObjects=   50.00000    
Substance  1: Continuity          (g/m3)    
Substance  2: cTR1                (g/m3)    
Substance  3: cTR2                (g/m3)    
Substance  4: cTR3                (g/m3)    
Substance  5: cTR4                (g/m3)    
Substance  6: cTR5                (g/m3)    
Hor. Surfaces used to scale initial conditions:
surfi(   1)=     399.9
surfi(   2)=     399.9
surfi(   3)=     399.9
surfi(   4)=     399.9
surfi(   5)=     399.9
surfi(   6)=     399.9
surfi(   7)=     399.9
surfi(   8)=     399.9
surfi(   9)=     399.9
surfi(  10)=     200.0
surfi(  11)=     200.0
surfi(  12)=     399.9
surfi(  13)=     399.9
surfi(  14)=     399.9
surfi(  15)=     399.9
surfi(  16)=     399.9
surfi(  17)=     399.9
surfi(  18)=     399.9
surfi(  19)=     399.9
surfi(  20)=     399.9
surfi(  21)=     399.9
surfi(  22)=     399.9
surfi(  23)=     399.9
surfi(  24)=     399.9
surfi(  25)=     200.0
  Min Volume read:   1.0000000E-03
