@(#)Deltares, SOBEKSIM Version 4.05.029.21838, Apr 11 2012, 12:18:51
opened file : D:\S212003\Programs\flow\sobeksim.lng
closed file : D:\S212003\Programs\flow\sobeksim.lng
ConvtabYzprof
Opened file : branch.tbl
closed file : branch.tbl
Opened file : node.tbl
closed file : node.tbl
Opened file : qlat.tbl
closed file : qlat.tbl
Opened file : grid.tbl
closed file : grid.tbl
Opened file : reachdwn.tbl
closed file : reachdwn.tbl
Opened file : reachup.tbl
closed file : reachup.tbl
Opened file : structup.tbl
closed file : structup.tbl
Opened file : structdwn.tbl
closed file : structdwn.tbl
Opened file : branch.tbl
closed file : branch.tbl
Opened file : node.tbl
closed file : node.tbl
Opened file : qlat.tbl
closed file : qlat.tbl
Opened file : grid.tbl
closed file : grid.tbl
Opened file : reachdwn.tbl
closed file : reachdwn.tbl
Opened file : reachup.tbl
closed file : reachup.tbl
Opened file : structup.tbl
closed file : structup.tbl
Opened file : structdwn.tbl
closed file : structdwn.tbl
Opened file : casedesc.cmt
closed file : casedesc.cmt
Balansfout in    5 Discharge down:        0.009502 Discharge up":        0.009502 error      -0.000588
Balansfout in    6 Discharge down:        0.009003 Discharge up":        0.009003 error      -0.000707
Balansfout in    7 Discharge down:        0.008505 Discharge up":        0.008505 error      -0.000740
Balansfout in    8 Discharge down:        0.008007 Discharge up":        0.008007 error      -0.000777
Balansfout in    9 Discharge down:        0.007510 Discharge up":        0.007510 error      -0.000822
Balansfout in   10 Discharge down:        0.007012 Discharge up":        0.007012 error      -0.000877
Balansfout in   11 Discharge down:        0.006514 Discharge up":        0.006514 error      -0.000941
Balansfout in   12 Discharge down:        0.006017 Discharge up":        0.006017 error      -0.001017
Balansfout in   13 Discharge down:        0.005519 Discharge up":        0.005519 error      -0.001109
Balansfout in   17 Discharge down:        0.004493 Discharge up":        0.004493 error      -0.001452
Balansfout in   18 Discharge down:        0.003964 Discharge up":        0.003964 error      -0.001649
Balansfout in   19 Discharge down:        0.003436 Discharge up":        0.003436 error      -0.001906
Balansfout in   20 Discharge down:        0.002907 Discharge up":        0.002907 error      -0.002258
Balansfout in   21 Discharge down:        0.002378 Discharge up":        0.002378 error      -0.002765
Balansfout in   22 Discharge down:        0.001850 Discharge up":        0.001850 error      -0.003561
Balansfout in   23 Discharge down:        0.001321 Discharge up":        0.001321 error      -0.004992
Balansfout in   24 Discharge down:        0.000793 Discharge up":        0.000793 error      -0.008328
Balansfout in   25 Discharge down:        0.000264 Discharge up":        0.000264 error      -0.024997
Balansfout in    5 Discharge down:        0.009503 Discharge up":        0.009503 error      -0.000640
Balansfout in    6 Discharge down:        0.009005 Discharge up":        0.009005 error      -0.000675
Balansfout in    7 Discharge down:        0.008508 Discharge up":        0.008508 error      -0.000715
Balansfout in    8 Discharge down:        0.008010 Discharge up":        0.008011 error      -0.000759
Balansfout in    9 Discharge down:        0.007513 Discharge up":        0.007513 error      -0.000809
Balansfout in   10 Discharge down:        0.007016 Discharge up":        0.007016 error      -0.000867
Balansfout in   11 Discharge down:        0.006518 Discharge up":        0.006518 error      -0.000933
Balansfout in   12 Discharge down:        0.006021 Discharge up":        0.006021 error      -0.001010
Balansfout in   13 Discharge down:        0.005523 Discharge up":        0.005523 error      -0.001101
Balansfout in   17 Discharge down:        0.004497 Discharge up":        0.004497 error      -0.001439
Balansfout in   18 Discharge down:        0.003968 Discharge up":        0.003968 error      -0.001630
Balansfout in   19 Discharge down:        0.003439 Discharge up":        0.003439 error      -0.001881
Balansfout in   20 Discharge down:        0.002910 Discharge up":        0.002910 error      -0.002224
Balansfout in   21 Discharge down:        0.002381 Discharge up":        0.002381 error      -0.002718
Balansfout in   22 Discharge down:        0.001852 Discharge up":        0.001852 error      -0.003495
Balansfout in   23 Discharge down:        0.001323 Discharge up":        0.001323 error      -0.004893
Balansfout in   24 Discharge down:        0.000794 Discharge up":        0.000794 error      -0.008155
Balansfout in   25 Discharge down:        0.000264 Discharge up":        0.000265 error      -0.024465
Balansfout in    5 Discharge down:        0.009502 Discharge up":        0.009503 error      -0.000636
Balansfout in    6 Discharge down:        0.009005 Discharge up":        0.009005 error      -0.000672
Balansfout in    7 Discharge down:        0.008507 Discharge up":        0.008508 error      -0.000711
Balansfout in    8 Discharge down:        0.008010 Discharge up":        0.008010 error      -0.000755
Balansfout in    9 Discharge down:        0.007512 Discharge up":        0.007512 error      -0.000805
Balansfout in   10 Discharge down:        0.007015 Discharge up":        0.007015 error      -0.000862
Balansfout in   11 Discharge down:        0.006517 Discharge up":        0.006517 error      -0.000928
Balansfout in   12 Discharge down:        0.006020 Discharge up":        0.006020 error      -0.001005
Balansfout in   13 Discharge down:        0.005522 Discharge up":        0.005522 error      -0.001095
Balansfout in   17 Discharge down:        0.004496 Discharge up":        0.004496 error      -0.001430
Balansfout in   18 Discharge down:        0.003967 Discharge up":        0.003967 error      -0.001621
Balansfout in   19 Discharge down:        0.003438 Discharge up":        0.003438 error      -0.001870
Balansfout in   20 Discharge down:        0.002909 Discharge up":        0.002909 error      -0.002210
Balansfout in   21 Discharge down:        0.002380 Discharge up":        0.002380 error      -0.002702
Balansfout in   22 Discharge down:        0.001851 Discharge up":        0.001851 error      -0.003474
Balansfout in   23 Discharge down:        0.001322 Discharge up":        0.001322 error      -0.004863
Balansfout in   24 Discharge down:        0.000793 Discharge up":        0.000793 error      -0.008105
Balansfout in   25 Discharge down:        0.000264 Discharge up":        0.000265 error      -0.024315
Balansfout in    5 Discharge down:        0.009502 Discharge up":        0.009503 error      -0.000633
Balansfout in    6 Discharge down:        0.009005 Discharge up":        0.009005 error      -0.000668
Balansfout in    7 Discharge down:        0.008507 Discharge up":        0.008508 error      -0.000707
Balansfout in    8 Discharge down:        0.008010 Discharge up":        0.008010 error      -0.000751
Balansfout in    9 Discharge down:        0.007512 Discharge up":        0.007512 error      -0.000800
Balansfout in   10 Discharge down:        0.007015 Discharge up":        0.007015 error      -0.000857
Balansfout in   11 Discharge down:        0.006517 Discharge up":        0.006517 error      -0.000923
Balansfout in   12 Discharge down:        0.006020 Discharge up":        0.006020 error      -0.000999
Balansfout in   13 Discharge down:        0.005522 Discharge up":        0.005522 error      -0.001089
Balansfout in   17 Discharge down:        0.004496 Discharge up":        0.004496 error      -0.001422
Balansfout in   18 Discharge down:        0.003967 Discharge up":        0.003967 error      -0.001612
Balansfout in   19 Discharge down:        0.003438 Discharge up":        0.003438 error      -0.001860
Balansfout in   20 Discharge down:        0.002909 Discharge up":        0.002909 error      -0.002198
Balansfout in   21 Discharge down:        0.002380 Discharge up":        0.002380 error      -0.002686
Balansfout in   22 Discharge down:        0.001851 Discharge up":        0.001851 error      -0.003453
Balansfout in   23 Discharge down:        0.001322 Discharge up":        0.001322 error      -0.004835
Balansfout in   24 Discharge down:        0.000793 Discharge up":        0.000793 error      -0.008058
Balansfout in   25 Discharge down:        0.000264 Discharge up":        0.000265 error      -0.024174
Balansfout in    5 Discharge down:        0.009502 Discharge up":        0.009503 error      -0.000629
Balansfout in    6 Discharge down:        0.009005 Discharge up":        0.009005 error      -0.000664
Balansfout in    7 Discharge down:        0.008507 Discharge up":        0.008508 error      -0.000703
Balansfout in    8 Discharge down:        0.008010 Discharge up":        0.008010 error      -0.000746
Balansfout in    9 Discharge down:        0.007512 Discharge up":        0.007512 error      -0.000796
Balansfout in   10 Discharge down:        0.007015 Discharge up":        0.007015 error      -0.000852
Balansfout in   11 Discharge down:        0.006517 Discharge up":        0.006517 error      -0.000917
Balansfout in   12 Discharge down:        0.006020 Discharge up":        0.006020 error      -0.000993
Balansfout in   13 Discharge down:        0.005522 Discharge up":        0.005522 error      -0.001083
Balansfout in   17 Discharge down:        0.004496 Discharge up":        0.004496 error      -0.001414
Balansfout in   18 Discharge down:        0.003967 Discharge up":        0.003967 error      -0.001602
Balansfout in   19 Discharge down:        0.003438 Discharge up":        0.003438 error      -0.001849
Balansfout in   20 Discharge down:        0.002909 Discharge up":        0.002909 error      -0.002185
Balansfout in   21 Discharge down:        0.002380 Discharge up":        0.002380 error      -0.002671
Balansfout in   22 Discharge down:        0.001851 Discharge up":        0.001851 error      -0.003434
Balansfout in   23 Discharge down:        0.001322 Discharge up":        0.001322 error      -0.004807
Balansfout in   24 Discharge down:        0.000793 Discharge up":        0.000793 error      -0.008012
Balansfout in   25 Discharge down:        0.000264 Discharge up":        0.000265 error      -0.024035
Balansfout in    5 Discharge down:        0.009502 Discharge up":        0.009503 error      -0.000626
Balansfout in    6 Discharge down:        0.009005 Discharge up":        0.009005 error      -0.000660
Balansfout in    7 Discharge down:        0.008507 Discharge up":        0.008507 error      -0.000699
Balansfout in    8 Discharge down:        0.008010 Discharge up":        0.008010 error      -0.000742
Balansfout in    9 Discharge down:        0.007512 Discharge up":        0.007512 error      -0.000791
Balansfout in   10 Discharge down:        0.007015 Discharge up":        0.007015 error      -0.000847
Balansfout in   11 Discharge down:        0.006517 Discharge up":        0.006517 error      -0.000912
Balansfout in   12 Discharge down:        0.006020 Discharge up":        0.006020 error      -0.000987
Balansfout in   13 Discharge down:        0.005522 Discharge up":        0.005522 error      -0.001076
Balansfout in   17 Discharge down:        0.004496 Discharge up":        0.004496 error      -0.001406
Balansfout in   18 Discharge down:        0.003967 Discharge up":        0.003967 error      -0.001593
Balansfout in   19 Discharge down:        0.003438 Discharge up":        0.003438 error      -0.001838
Balansfout in   20 Discharge down:        0.002909 Discharge up":        0.002909 error      -0.002172
Balansfout in   21 Discharge down:        0.002380 Discharge up":        0.002380 error      -0.002655
Balansfout in   22 Discharge down:        0.001851 Discharge up":        0.001851 error      -0.003414
Balansfout in   23 Discharge down:        0.001322 Discharge up":        0.001322 error      -0.004779
Balansfout in   24 Discharge down:        0.000793 Discharge up":        0.000793 error      -0.007966
Balansfout in   25 Discharge down:        0.000264 Discharge up":        0.000265 error      -0.023897
Balansfout in    5 Discharge down:        0.009502 Discharge up":        0.009503 error      -0.000622
Balansfout in    6 Discharge down:        0.009005 Discharge up":        0.009005 error      -0.000656
Balansfout in    7 Discharge down:        0.008507 Discharge up":        0.008507 error      -0.000695
Balansfout in    8 Discharge down:        0.008010 Discharge up":        0.008010 error      -0.000738
Balansfout in    9 Discharge down:        0.007512 Discharge up":        0.007512 error      -0.000787
Balansfout in   10 Discharge down:        0.007015 Discharge up":        0.007015 error      -0.000843
Balansfout in   11 Discharge down:        0.006517 Discharge up":        0.006517 error      -0.000907
Balansfout in   12 Discharge down:        0.006020 Discharge up":        0.006020 error      -0.000982
Balansfout in   13 Discharge down:        0.005522 Discharge up":        0.005522 error      -0.001070
Balansfout in   17 Discharge down:        0.004496 Discharge up":        0.004496 error      -0.001398
Balansfout in   18 Discharge down:        0.003967 Discharge up":        0.003967 error      -0.001584
Balansfout in   19 Discharge down:        0.003438 Discharge up":        0.003438 error      -0.001828
Balansfout in   20 Discharge down:        0.002909 Discharge up":        0.002909 error      -0.002160
Balansfout in   21 Discharge down:        0.002380 Discharge up":        0.002380 error      -0.002640
Balansfout in   22 Discharge down:        0.001851 Discharge up":        0.001851 error      -0.003394
Balansfout in   23 Discharge down:        0.001322 Discharge up":        0.001322 error      -0.004752
Balansfout in   24 Discharge down:        0.000793 Discharge up":        0.000793 error      -0.007920
Balansfout in   25 Discharge down:        0.000264 Discharge up":        0.000265 error      -0.023761
Balansfout in    5 Discharge down:        0.009502 Discharge up":        0.009503 error      -0.000618
Balansfout in    6 Discharge down:        0.009005 Discharge up":        0.009005 error      -0.000653
Balansfout in    7 Discharge down:        0.008507 Discharge up":        0.008507 error      -0.000691
Balansfout in    8 Discharge down:        0.008010 Discharge up":        0.008010 error      -0.000734
Balansfout in    9 Discharge down:        0.007512 Discharge up":        0.007512 error      -0.000782
Balansfout in   10 Discharge down:        0.007015 Discharge up":        0.007015 error      -0.000838
Balansfout in   11 Discharge down:        0.006517 Discharge up":        0.006517 error      -0.000902
Balansfout in   12 Discharge down:        0.006020 Discharge up":        0.006020 error      -0.000976
Balansfout in   13 Discharge down:        0.005522 Discharge up":        0.005522 error      -0.001064
Balansfout in   17 Discharge down:        0.004496 Discharge up":        0.004496 error      -0.001390
Balansfout in   18 Discharge down:        0.003967 Discharge up":        0.003967 error      -0.001575
Balansfout in   19 Discharge down:        0.003438 Discharge up":        0.003438 error      -0.001817
Balansfout in   20 Discharge down:        0.002909 Discharge up":        0.002909 error      -0.002148
Balansfout in   21 Discharge down:        0.002380 Discharge up":        0.002380 error      -0.002625
Balansfout in   22 Discharge down:        0.001851 Discharge up":        0.001851 error      -0.003375
Balansfout in   23 Discharge down:        0.001322 Discharge up":        0.001322 error      -0.004725
Balansfout in   24 Discharge down:        0.000793 Discharge up":        0.000793 error      -0.007875
Balansfout in   25 Discharge down:        0.000264 Discharge up":        0.000265 error      -0.023626
Balansfout in    5 Discharge down:        0.009502 Discharge up":        0.009503 error      -0.000615
Balansfout in    6 Discharge down:        0.009005 Discharge up":        0.009005 error      -0.000649
Balansfout in    7 Discharge down:        0.008507 Discharge up":        0.008507 error      -0.000687
Balansfout in    8 Discharge down:        0.008010 Discharge up":        0.008010 error      -0.000730
Balansfout in    9 Discharge down:        0.007512 Discharge up":        0.007512 error      -0.000778
Balansfout in   10 Discharge down:        0.007015 Discharge up":        0.007015 error      -0.000833
Balansfout in   11 Discharge down:        0.006517 Discharge up":        0.006517 error      -0.000897
Balansfout in   12 Discharge down:        0.006020 Discharge up":        0.006020 error      -0.000971
Balansfout in   13 Discharge down:        0.005522 Discharge up":        0.005522 error      -0.001058
Balansfout in   17 Discharge down:        0.004496 Discharge up":        0.004496 error      -0.001382
Balansfout in   18 Discharge down:        0.003967 Discharge up":        0.003967 error      -0.001566
Balansfout in   19 Discharge down:        0.003438 Discharge up":        0.003438 error      -0.001807
Balansfout in   20 Discharge down:        0.002909 Discharge up":        0.002909 error      -0.002136
Balansfout in   21 Discharge down:        0.002380 Discharge up":        0.002380 error      -0.002610
Balansfout in   22 Discharge down:        0.001851 Discharge up":        0.001851 error      -0.003356
Balansfout in   23 Discharge down:        0.001322 Discharge up":        0.001322 error      -0.004699
Balansfout in   24 Discharge down:        0.000793 Discharge up":        0.000793 error      -0.007831
Balansfout in   25 Discharge down:        0.000264 Discharge up":        0.000265 error      -0.023493
Balansfout in    5 Discharge down:        0.009502 Discharge up":        0.009503 error      -0.000612
Balansfout in    6 Discharge down:        0.009005 Discharge up":        0.009005 error      -0.000645
Balansfout in    7 Discharge down:        0.008507 Discharge up":        0.008507 error      -0.000683
Balansfout in    8 Discharge down:        0.008010 Discharge up":        0.008010 error      -0.000725
Balansfout in    9 Discharge down:        0.007512 Discharge up":        0.007512 error      -0.000774
Balansfout in   10 Discharge down:        0.007015 Discharge up":        0.007015 error      -0.000828
Balansfout in   11 Discharge down:        0.006517 Discharge up":        0.006517 error      -0.000892
Balansfout in   12 Discharge down:        0.006020 Discharge up":        0.006020 error      -0.000965
Balansfout in   13 Discharge down:        0.005522 Discharge up":        0.005522 error      -0.001052
Balansfout in   17 Discharge down:        0.004496 Discharge up":        0.004496 error      -0.001374
Balansfout in   18 Discharge down:        0.003967 Discharge up":        0.003967 error      -0.001557
Balansfout in   19 Discharge down:        0.003438 Discharge up":        0.003438 error      -0.001797
Balansfout in   20 Discharge down:        0.002909 Discharge up":        0.002909 error      -0.002124
Balansfout in   21 Discharge down:        0.002380 Discharge up":        0.002380 error      -0.002596
Balansfout in   22 Discharge down:        0.001851 Discharge up":        0.001851 error      -0.003337
Balansfout in   23 Discharge down:        0.001322 Discharge up":        0.001322 error      -0.004672
Balansfout in   24 Discharge down:        0.000793 Discharge up":        0.000793 error      -0.007787
Balansfout in   25 Discharge down:        0.000264 Discharge up":        0.000265 error      -0.023362
Balansfout in    5 Discharge down:        0.009502 Discharge up":        0.009503 error      -0.000608
Balansfout in    6 Discharge down:        0.009005 Discharge up":        0.009005 error      -0.000642
Balansfout in    7 Discharge down:        0.008507 Discharge up":        0.008507 error      -0.000679
Balansfout in    8 Discharge down:        0.008010 Discharge up":        0.008010 error      -0.000721
Balansfout in    9 Discharge down:        0.007512 Discharge up":        0.007512 error      -0.000769
Balansfout in   10 Discharge down:        0.007015 Discharge up":        0.007015 error      -0.000824
Balansfout in   11 Discharge down:        0.006517 Discharge up":        0.006517 error      -0.000887
Balansfout in   12 Discharge down:        0.006020 Discharge up":        0.006020 error      -0.000960
Balansfout in   13 Discharge down:        0.005522 Discharge up":        0.005522 error      -0.001046
Balansfout in   17 Discharge down:        0.004496 Discharge up":        0.004496 error      -0.001367
Balansfout in   18 Discharge down:        0.003967 Discharge up":        0.003967 error      -0.001549
Balansfout in   19 Discharge down:        0.003438 Discharge up":        0.003438 error      -0.001787
Balansfout in   20 Discharge down:        0.002909 Discharge up":        0.002909 error      -0.002112
Balansfout in   21 Discharge down:        0.002380 Discharge up":        0.002380 error      -0.002581
Balansfout in   22 Discharge down:        0.001851 Discharge up":        0.001851 error      -0.003319
Balansfout in   23 Discharge down:        0.001322 Discharge up":        0.001322 error      -0.004646
Balansfout in   24 Discharge down:        0.000793 Discharge up":        0.000793 error      -0.007744
Balansfout in   25 Discharge down:        0.000264 Discharge up":        0.000265 error      -0.023232
Balansfout in    5 Discharge down:        0.009502 Discharge up":        0.009503 error      -0.000605
Balansfout in    6 Discharge down:        0.009005 Discharge up":        0.009005 error      -0.000638
Balansfout in    7 Discharge down:        0.008507 Discharge up":        0.008507 error      -0.000675
Balansfout in    8 Discharge down:        0.008010 Discharge up":        0.008010 error      -0.000717
Balansfout in    9 Discharge down:        0.007512 Discharge up":        0.007512 error      -0.000765
Balansfout in   10 Discharge down:        0.007015 Discharge up":        0.007015 error      -0.000819
Balansfout in   11 Discharge down:        0.006517 Discharge up":        0.006517 error      -0.000882
Balansfout in   12 Discharge down:        0.006020 Discharge up":        0.006020 error      -0.000955
Balansfout in   13 Discharge down:        0.005522 Discharge up":        0.005522 error      -0.001041
Balansfout in   17 Discharge down:        0.004496 Discharge up":        0.004496 error      -0.001359
Balansfout in   18 Discharge down:        0.003967 Discharge up":        0.003967 error      -0.001540
Balansfout in   19 Discharge down:        0.003438 Discharge up":        0.003438 error      -0.001777
Balansfout in   20 Discharge down:        0.002909 Discharge up":        0.002909 error      -0.002100
Balansfout in   21 Discharge down:        0.002380 Discharge up":        0.002380 error      -0.002567
Balansfout in   22 Discharge down:        0.001851 Discharge up":        0.001851 error      -0.003300
Balansfout in   23 Discharge down:        0.001322 Discharge up":        0.001322 error      -0.004621
Balansfout in   24 Discharge down:        0.000793 Discharge up":        0.000793 error      -0.007701
Balansfout in   25 Discharge down:        0.000264 Discharge up":        0.000265 error      -0.023103
Balansfout in    5 Discharge down:        0.009502 Discharge up":        0.009503 error      -0.000601
Balansfout in    6 Discharge down:        0.009005 Discharge up":        0.009005 error      -0.000635
Balansfout in    7 Discharge down:        0.008507 Discharge up":        0.008507 error      -0.000672
Balansfout in    8 Discharge down:        0.008010 Discharge up":        0.008010 error      -0.000714
Balansfout in    9 Discharge down:        0.007512 Discharge up":        0.007512 error      -0.000761
Balansfout in   10 Discharge down:        0.007015 Discharge up":        0.007015 error      -0.000815
Balansfout in   11 Discharge down:        0.006517 Discharge up":        0.006517 error      -0.000877
Balansfout in   12 Discharge down:        0.006020 Discharge up":        0.006020 error      -0.000949
Balansfout in   13 Discharge down:        0.005522 Discharge up":        0.005522 error      -0.001035
Balansfout in   17 Discharge down:        0.004496 Discharge up":        0.004496 error      -0.001352
Balansfout in   18 Discharge down:        0.003967 Discharge up":        0.003967 error      -0.001532
Balansfout in   19 Discharge down:        0.003438 Discharge up":        0.003438 error      -0.001767
Balansfout in   20 Discharge down:        0.002909 Discharge up":        0.002909 error      -0.002089
Balansfout in   21 Discharge down:        0.002380 Discharge up":        0.002380 error      -0.002553
Balansfout in   22 Discharge down:        0.001851 Discharge up":        0.001851 error      -0.003282
Balansfout in   23 Discharge down:        0.001322 Discharge up":        0.001322 error      -0.004595
Balansfout in   24 Discharge down:        0.000793 Discharge up":        0.000793 error      -0.007659
Balansfout in   25 Discharge down:        0.000264 Discharge up":        0.000265 error      -0.022976
Balansfout in    5 Discharge down:        0.009502 Discharge up":        0.009503 error      -0.000598
Balansfout in    6 Discharge down:        0.009005 Discharge up":        0.009005 error      -0.000631
Balansfout in    7 Discharge down:        0.008507 Discharge up":        0.008507 error      -0.000668
Balansfout in    8 Discharge down:        0.008010 Discharge up":        0.008010 error      -0.000710
Balansfout in    9 Discharge down:        0.007512 Discharge up":        0.007512 error      -0.000757
Balansfout in   10 Discharge down:        0.007015 Discharge up":        0.007015 error      -0.000810
Balansfout in   11 Discharge down:        0.006517 Discharge up":        0.006517 error      -0.000872
Balansfout in   12 Discharge down:        0.006020 Discharge up":        0.006020 error      -0.000944
Balansfout in   13 Discharge down:        0.005522 Discharge up":        0.005522 error      -0.001029
Balansfout in   17 Discharge down:        0.004496 Discharge up":        0.004496 error      -0.001344
Balansfout in   18 Discharge down:        0.003967 Discharge up":        0.003967 error      -0.001523
Balansfout in   19 Discharge down:        0.003438 Discharge up":        0.003438 error      -0.001758
Balansfout in   20 Discharge down:        0.002909 Discharge up":        0.002909 error      -0.002077
Balansfout in   21 Discharge down:        0.002380 Discharge up":        0.002380 error      -0.002539
Balansfout in   22 Discharge down:        0.001851 Discharge up":        0.001851 error      -0.003264
Balansfout in   23 Discharge down:        0.001322 Discharge up":        0.001322 error      -0.004570
Balansfout in   24 Discharge down:        0.000793 Discharge up":        0.000793 error      -0.007617
Balansfout in   25 Discharge down:        0.000264 Discharge up":        0.000265 error      -0.022850
Balansfout in    5 Discharge down:        0.009502 Discharge up":        0.009503 error      -0.000595
Balansfout in    6 Discharge down:        0.009005 Discharge up":        0.009005 error      -0.000628
Balansfout in    7 Discharge down:        0.008507 Discharge up":        0.008507 error      -0.000664
Balansfout in    8 Discharge down:        0.008010 Discharge up":        0.008010 error      -0.000706
Balansfout in    9 Discharge down:        0.007512 Discharge up":        0.007512 error      -0.000752
Balansfout in   10 Discharge down:        0.007015 Discharge up":        0.007015 error      -0.000806
Balansfout in   11 Discharge down:        0.006517 Discharge up":        0.006517 error      -0.000867
Balansfout in   12 Discharge down:        0.006020 Discharge up":        0.006020 error      -0.000939
Balansfout in   13 Discharge down:        0.005522 Discharge up":        0.005522 error      -0.001024
Balansfout in   17 Discharge down:        0.004496 Discharge up":        0.004496 error      -0.001337
Balansfout in   18 Discharge down:        0.003967 Discharge up":        0.003967 error      -0.001515
Balansfout in   19 Discharge down:        0.003438 Discharge up":        0.003438 error      -0.001748
Balansfout in   20 Discharge down:        0.002909 Discharge up":        0.002909 error      -0.002066
Balansfout in   21 Discharge down:        0.002380 Discharge up":        0.002380 error      -0.002525
Balansfout in   22 Discharge down:        0.001851 Discharge up":        0.001851 error      -0.003246
Balansfout in   23 Discharge down:        0.001322 Discharge up":        0.001322 error      -0.004545
Balansfout in   24 Discharge down:        0.000793 Discharge up":        0.000793 error      -0.007575
Balansfout in   25 Discharge down:        0.000264 Discharge up":        0.000265 error      -0.022725
Balansfout in    5 Discharge down:        0.009502 Discharge up":        0.009503 error      -0.000592
Balansfout in    6 Discharge down:        0.009005 Discharge up":        0.009005 error      -0.000624
Balansfout in    7 Discharge down:        0.008507 Discharge up":        0.008507 error      -0.000661
Balansfout in    8 Discharge down:        0.008010 Discharge up":        0.008010 error      -0.000702
Balansfout in    9 Discharge down:        0.007512 Discharge up":        0.007512 error      -0.000748
Balansfout in   10 Discharge down:        0.007015 Discharge up":        0.007015 error      -0.000801
Balansfout in   11 Discharge down:        0.006517 Discharge up":        0.006517 error      -0.000863
Balansfout in   12 Discharge down:        0.006020 Discharge up":        0.006020 error      -0.000934
Balansfout in   13 Discharge down:        0.005522 Discharge up":        0.005522 error      -0.001018
Balansfout in   17 Discharge down:        0.004496 Discharge up":        0.004496 error      -0.001330
Balansfout in   18 Discharge down:        0.003967 Discharge up":        0.003967 error      -0.001507
Balansfout in   19 Discharge down:        0.003438 Discharge up":        0.003438 error      -0.001739
Balansfout in   20 Discharge down:        0.002909 Discharge up":        0.002909 error      -0.002055
Balansfout in   21 Discharge down:        0.002380 Discharge up":        0.002380 error      -0.002511
Balansfout in   22 Discharge down:        0.001851 Discharge up":        0.001851 error      -0.003229
Balansfout in   23 Discharge down:        0.001322 Discharge up":        0.001322 error      -0.004520
Balansfout in   24 Discharge down:        0.000793 Discharge up":        0.000793 error      -0.007534
Balansfout in   25 Discharge down:        0.000264 Discharge up":        0.000265 error      -0.022602
Balansfout in    5 Discharge down:        0.009502 Discharge up":        0.009503 error      -0.000588
Balansfout in    6 Discharge down:        0.009005 Discharge up":        0.009005 error      -0.000621
Balansfout in    7 Discharge down:        0.008507 Discharge up":        0.008507 error      -0.000657
Balansfout in    8 Discharge down:        0.008010 Discharge up":        0.008010 error      -0.000698
Balansfout in    9 Discharge down:        0.007512 Discharge up":        0.007512 error      -0.000744
Balansfout in   10 Discharge down:        0.007015 Discharge up":        0.007015 error      -0.000797
Balansfout in   11 Discharge down:        0.006517 Discharge up":        0.006517 error      -0.000858
Balansfout in   12 Discharge down:        0.006020 Discharge up":        0.006020 error      -0.000929
Balansfout in   13 Discharge down:        0.005522 Discharge up":        0.005522 error      -0.001013
Balansfout in   17 Discharge down:        0.004496 Discharge up":        0.004496 error      -0.001322
Balansfout in   18 Discharge down:        0.003967 Discharge up":        0.003967 error      -0.001499
Balansfout in   19 Discharge down:        0.003438 Discharge up":        0.003438 error      -0.001729
Balansfout in   20 Discharge down:        0.002909 Discharge up":        0.002909 error      -0.002044
Balansfout in   21 Discharge down:        0.002380 Discharge up":        0.002380 error      -0.002498
Balansfout in   22 Discharge down:        0.001851 Discharge up":        0.001851 error      -0.003211
Balansfout in   23 Discharge down:        0.001322 Discharge up":        0.001322 error      -0.004496
Balansfout in   24 Discharge down:        0.000793 Discharge up":        0.000793 error      -0.007493
Balansfout in   25 Discharge down:        0.000264 Discharge up":        0.000265 error      -0.022480
Balansfout in    5 Discharge down:        0.009502 Discharge up":        0.009503 error      -0.000585
Balansfout in    6 Discharge down:        0.009005 Discharge up":        0.009005 error      -0.000618
Balansfout in    7 Discharge down:        0.008507 Discharge up":        0.008507 error      -0.000654
Balansfout in    8 Discharge down:        0.008010 Discharge up":        0.008010 error      -0.000694
Balansfout in    9 Discharge down:        0.007512 Discharge up":        0.007512 error      -0.000740
Balansfout in   10 Discharge down:        0.007015 Discharge up":        0.007015 error      -0.000793
Balansfout in   11 Discharge down:        0.006517 Discharge up":        0.006517 error      -0.000853
Balansfout in   12 Discharge down:        0.006020 Discharge up":        0.006020 error      -0.000924
Balansfout in   13 Discharge down:        0.005522 Discharge up":        0.005522 error      -0.001007
Balansfout in   17 Discharge down:        0.004496 Discharge up":        0.004496 error      -0.001315
Balansfout in   18 Discharge down:        0.003967 Discharge up":        0.003967 error      -0.001491
Balansfout in   19 Discharge down:        0.003438 Discharge up":        0.003438 error      -0.001720
Balansfout in   20 Discharge down:        0.002909 Discharge up":        0.002909 error      -0.002033
Balansfout in   21 Discharge down:        0.002380 Discharge up":        0.002380 error      -0.002484
Balansfout in   22 Discharge down:        0.001851 Discharge up":        0.001851 error      -0.003194
Balansfout in   23 Discharge down:        0.001322 Discharge up":        0.001322 error      -0.004472
Balansfout in   24 Discharge down:        0.000793 Discharge up":        0.000793 error      -0.007453
Balansfout in   25 Discharge down:        0.000264 Discharge up":        0.000265 error      -0.022360
Balansfout in    5 Discharge down:        0.009502 Discharge up":        0.009503 error      -0.000582
Balansfout in    6 Discharge down:        0.009005 Discharge up":        0.009005 error      -0.000614
Balansfout in    7 Discharge down:        0.008507 Discharge up":        0.008507 error      -0.000650
Balansfout in    8 Discharge down:        0.008010 Discharge up":        0.008010 error      -0.000691
Balansfout in    9 Discharge down:        0.007512 Discharge up":        0.007512 error      -0.000736
Balansfout in   10 Discharge down:        0.007015 Discharge up":        0.007015 error      -0.000789
Balansfout in   11 Discharge down:        0.006517 Discharge up":        0.006517 error      -0.000849
Balansfout in   12 Discharge down:        0.006020 Discharge up":        0.006020 error      -0.000919
Balansfout in   13 Discharge down:        0.005522 Discharge up":        0.005522 error      -0.001002
Balansfout in   17 Discharge down:        0.004496 Discharge up":        0.004496 error      -0.001308
Balansfout in   18 Discharge down:        0.003967 Discharge up":        0.003967 error      -0.001483
Balansfout in   19 Discharge down:        0.003438 Discharge up":        0.003438 error      -0.001711
Balansfout in   20 Discharge down:        0.002909 Discharge up":        0.002909 error      -0.002022
Balansfout in   21 Discharge down:        0.002380 Discharge up":        0.002380 error      -0.002471
Balansfout in   22 Discharge down:        0.001851 Discharge up":        0.001851 error      -0.003177
Balansfout in   23 Discharge down:        0.001322 Discharge up":        0.001322 error      -0.004448
Balansfout in   24 Discharge down:        0.000793 Discharge up":        0.000793 error      -0.007413
Balansfout in   25 Discharge down:        0.000264 Discharge up":        0.000265 error      -0.022240
Balansfout in    5 Discharge down:        0.009502 Discharge up":        0.009503 error      -0.000579
Balansfout in    6 Discharge down:        0.009005 Discharge up":        0.009005 error      -0.000611
Balansfout in    7 Discharge down:        0.008507 Discharge up":        0.008507 error      -0.000647
Balansfout in    8 Discharge down:        0.008010 Discharge up":        0.008010 error      -0.000687
Balansfout in    9 Discharge down:        0.007512 Discharge up":        0.007512 error      -0.000733
Balansfout in   10 Discharge down:        0.007015 Discharge up":        0.007015 error      -0.000784
Balansfout in   11 Discharge down:        0.006517 Discharge up":        0.006517 error      -0.000844
Balansfout in   12 Discharge down:        0.006020 Discharge up":        0.006020 error      -0.000914
Balansfout in   13 Discharge down:        0.005522 Discharge up":        0.005522 error      -0.000996
Balansfout in   17 Discharge down:        0.004496 Discharge up":        0.004496 error      -0.001301
Balansfout in   18 Discharge down:        0.003967 Discharge up":        0.003967 error      -0.001475
Balansfout in   19 Discharge down:        0.003438 Discharge up":        0.003438 error      -0.001702
Balansfout in   20 Discharge down:        0.002909 Discharge up":        0.002909 error      -0.002011
Balansfout in   21 Discharge down:        0.002380 Discharge up":        0.002380 error      -0.002458
Balansfout in   22 Discharge down:        0.001851 Discharge up":        0.001851 error      -0.003160
Balansfout in   23 Discharge down:        0.001322 Discharge up":        0.001322 error      -0.004425
Balansfout in   24 Discharge down:        0.000793 Discharge up":        0.000793 error      -0.007374
Balansfout in   25 Discharge down:        0.000264 Discharge up":        0.000265 error      -0.022123
Balansfout in    5 Discharge down:        0.009502 Discharge up":        0.009503 error      -0.000576
Balansfout in    6 Discharge down:        0.009005 Discharge up":        0.009005 error      -0.000608
Balansfout in    7 Discharge down:        0.008507 Discharge up":        0.008507 error      -0.000643
Balansfout in    8 Discharge down:        0.008010 Discharge up":        0.008010 error      -0.000683
Balansfout in    9 Discharge down:        0.007512 Discharge up":        0.007512 error      -0.000729
Balansfout in   10 Discharge down:        0.007015 Discharge up":        0.007015 error      -0.000780
Balansfout in   11 Discharge down:        0.006517 Discharge up":        0.006517 error      -0.000840
Balansfout in   12 Discharge down:        0.006020 Discharge up":        0.006020 error      -0.000909
Balansfout in   13 Discharge down:        0.005522 Discharge up":        0.005522 error      -0.000991
Balansfout in   17 Discharge down:        0.004496 Discharge up":        0.004496 error      -0.001294
Balansfout in   18 Discharge down:        0.003967 Discharge up":        0.003967 error      -0.001467
Balansfout in   19 Discharge down:        0.003438 Discharge up":        0.003438 error      -0.001693
Balansfout in   20 Discharge down:        0.002909 Discharge up":        0.002909 error      -0.002001
Balansfout in   21 Discharge down:        0.002380 Discharge up":        0.002380 error      -0.002445
Balansfout in   22 Discharge down:        0.001851 Discharge up":        0.001851 error      -0.003144
Balansfout in   23 Discharge down:        0.001322 Discharge up":        0.001322 error      -0.004401
Balansfout in   24 Discharge down:        0.000793 Discharge up":        0.000793 error      -0.007335
Balansfout in   25 Discharge down:        0.000264 Discharge up":        0.000265 error      -0.022006
Balansfout in    5 Discharge down:        0.009502 Discharge up":        0.009503 error      -0.000573
Balansfout in    6 Discharge down:        0.009005 Discharge up":        0.009005 error      -0.000605
Balansfout in    7 Discharge down:        0.008507 Discharge up":        0.008507 error      -0.000640
Balansfout in    8 Discharge down:        0.008010 Discharge up":        0.008010 error      -0.000680
Balansfout in    9 Discharge down:        0.007512 Discharge up":        0.007512 error      -0.000725
Balansfout in   10 Discharge down:        0.007015 Discharge up":        0.007015 error      -0.000776
Balansfout in   11 Discharge down:        0.006517 Discharge up":        0.006517 error      -0.000835
Balansfout in   12 Discharge down:        0.006020 Discharge up":        0.006020 error      -0.000905
Balansfout in   13 Discharge down:        0.005522 Discharge up":        0.005522 error      -0.000986
Balansfout in   17 Discharge down:        0.004496 Discharge up":        0.004496 error      -0.001288
Balansfout in   18 Discharge down:        0.003967 Discharge up":        0.003967 error      -0.001459
Balansfout in   19 Discharge down:        0.003438 Discharge up":        0.003438 error      -0.001684
Balansfout in   20 Discharge down:        0.002909 Discharge up":        0.002909 error      -0.001990
Balansfout in   21 Discharge down:        0.002380 Discharge up":        0.002380 error      -0.002432
Balansfout in   22 Discharge down:        0.001851 Discharge up":        0.001851 error      -0.003127
Balansfout in   23 Discharge down:        0.001322 Discharge up":        0.001322 error      -0.004378
Balansfout in   24 Discharge down:        0.000793 Discharge up":        0.000793 error      -0.007297
Balansfout in   25 Discharge down:        0.000264 Discharge up":        0.000265 error      -0.021890
Balansfout in    5 Discharge down:        0.009502 Discharge up":        0.009503 error      -0.000570
Balansfout in    6 Discharge down:        0.009005 Discharge up":        0.009005 error      -0.000602
Balansfout in    7 Discharge down:        0.008507 Discharge up":        0.008507 error      -0.000637
Balansfout in    8 Discharge down:        0.008010 Discharge up":        0.008010 error      -0.000676
Balansfout in    9 Discharge down:        0.007512 Discharge up":        0.007512 error      -0.000721
Balansfout in   10 Discharge down:        0.007015 Discharge up":        0.007015 error      -0.000772
Balansfout in   11 Discharge down:        0.006517 Discharge up":        0.006517 error      -0.000831
Balansfout in   12 Discharge down:        0.006020 Discharge up":        0.006020 error      -0.000900
Balansfout in   13 Discharge down:        0.005522 Discharge up":        0.005522 error      -0.000981
Balansfout in   17 Discharge down:        0.004496 Discharge up":        0.004496 error      -0.001281
Balansfout in   18 Discharge down:        0.003967 Discharge up":        0.003967 error      -0.001452
Balansfout in   19 Discharge down:        0.003438 Discharge up":        0.003438 error      -0.001675
Balansfout in   20 Discharge down:        0.002909 Discharge up":        0.002909 error      -0.001980
Balansfout in   21 Discharge down:        0.002380 Discharge up":        0.002380 error      -0.002420
Balansfout in   22 Discharge down:        0.001851 Discharge up":        0.001851 error      -0.003111
Balansfout in   23 Discharge down:        0.001322 Discharge up":        0.001322 error      -0.004355
Balansfout in   24 Discharge down:        0.000793 Discharge up":        0.000793 error      -0.007259
Balansfout in   25 Discharge down:        0.000264 Discharge up":        0.000265 error      -0.021776
Balansfout in    5 Discharge down:        0.009502 Discharge up":        0.009503 error      -0.000567
Balansfout in    6 Discharge down:        0.009005 Discharge up":        0.009005 error      -0.000598
Balansfout in    7 Discharge down:        0.008507 Discharge up":        0.008507 error      -0.000633
Balansfout in    8 Discharge down:        0.008010 Discharge up":        0.008010 error      -0.000673
Balansfout in    9 Discharge down:        0.007512 Discharge up":        0.007512 error      -0.000717
Balansfout in   10 Discharge down:        0.007015 Discharge up":        0.007015 error      -0.000768
Balansfout in   11 Discharge down:        0.006517 Discharge up":        0.006517 error      -0.000827
Balansfout in   12 Discharge down:        0.006020 Discharge up":        0.006020 error      -0.000895
Balansfout in   13 Discharge down:        0.005522 Discharge up":        0.005522 error      -0.000976
Balansfout in   17 Discharge down:        0.004496 Discharge up":        0.004496 error      -0.001274
Balansfout in   18 Discharge down:        0.003967 Discharge up":        0.003967 error      -0.001444
Balansfout in   19 Discharge down:        0.003438 Discharge up":        0.003438 error      -0.001666
Balansfout in   20 Discharge down:        0.002909 Discharge up":        0.002909 error      -0.001969
Balansfout in   21 Discharge down:        0.002380 Discharge up":        0.002380 error      -0.002407
Balansfout in   22 Discharge down:        0.001851 Discharge up":        0.001851 error      -0.003095
Balansfout in   23 Discharge down:        0.001322 Discharge up":        0.001322 error      -0.004333
Balansfout in   24 Discharge down:        0.000793 Discharge up":        0.000793 error      -0.007221
Balansfout in   25 Discharge down:        0.000264 Discharge up":        0.000265 error      -0.021663
Balansfout in    5 Discharge down:        0.009502 Discharge up":        0.009503 error      -0.000564
Balansfout in    6 Discharge down:        0.009005 Discharge up":        0.009005 error      -0.000595
Balansfout in    7 Discharge down:        0.008507 Discharge up":        0.008507 error      -0.000630
Balansfout in    8 Discharge down:        0.008010 Discharge up":        0.008010 error      -0.000669
Balansfout in    9 Discharge down:        0.007512 Discharge up":        0.007512 error      -0.000714
Balansfout in   10 Discharge down:        0.007015 Discharge up":        0.007015 error      -0.000764
Balansfout in   11 Discharge down:        0.006517 Discharge up":        0.006517 error      -0.000823
Balansfout in   12 Discharge down:        0.006020 Discharge up":        0.006020 error      -0.000891
Balansfout in   13 Discharge down:        0.005522 Discharge up":        0.005522 error      -0.000971
Balansfout in   17 Discharge down:        0.004496 Discharge up":        0.004496 error      -0.001268
Balansfout in   18 Discharge down:        0.003967 Discharge up":        0.003967 error      -0.001437
Balansfout in   19 Discharge down:        0.003438 Discharge up":        0.003438 error      -0.001658
Balansfout in   20 Discharge down:        0.002909 Discharge up":        0.002909 error      -0.001959
Balansfout in   21 Discharge down:        0.002380 Discharge up":        0.002380 error      -0.002395
Balansfout in   22 Discharge down:        0.001851 Discharge up":        0.001851 error      -0.003079
Balansfout in   23 Discharge down:        0.001322 Discharge up":        0.001322 error      -0.004310
Balansfout in   24 Discharge down:        0.000793 Discharge up":        0.000793 error      -0.007184
Balansfout in   25 Discharge down:        0.000264 Discharge up":        0.000265 error      -0.021551
Balansfout in    5 Discharge down:        0.009502 Discharge up":        0.009503 error      -0.000561
Balansfout in    6 Discharge down:        0.009005 Discharge up":        0.009005 error      -0.000592
Balansfout in    7 Discharge down:        0.008507 Discharge up":        0.008507 error      -0.000627
Balansfout in    8 Discharge down:        0.008010 Discharge up":        0.008010 error      -0.000666
Balansfout in    9 Discharge down:        0.007512 Discharge up":        0.007512 error      -0.000710
Balansfout in   10 Discharge down:        0.007015 Discharge up":        0.007015 error      -0.000760
Balansfout in   11 Discharge down:        0.006517 Discharge up":        0.006517 error      -0.000818
Balansfout in   12 Discharge down:        0.006020 Discharge up":        0.006020 error      -0.000886
Balansfout in   13 Discharge down:        0.005522 Discharge up":        0.005522 error      -0.000966
Balansfout in   17 Discharge down:        0.004496 Discharge up":        0.004496 error      -0.001261
Balansfout in   18 Discharge down:        0.003967 Discharge up":        0.003967 error      -0.001429
Balansfout in   19 Discharge down:        0.003438 Discharge up":        0.003438 error      -0.001649
Balansfout in   20 Discharge down:        0.002909 Discharge up":        0.002909 error      -0.001949
Balansfout in   21 Discharge down:        0.002380 Discharge up":        0.002380 error      -0.002382
Balansfout in   22 Discharge down:        0.001851 Discharge up":        0.001851 error      -0.003063
Balansfout in   23 Discharge down:        0.001322 Discharge up":        0.001322 error      -0.004288
Balansfout in   24 Discharge down:        0.000793 Discharge up":        0.000793 error      -0.007147
Balansfout in   25 Discharge down:        0.000264 Discharge up":        0.000265 error      -0.021440
Balansfout in    5 Discharge down:        0.009502 Discharge up":        0.009503 error      -0.000558
Balansfout in    6 Discharge down:        0.009005 Discharge up":        0.009005 error      -0.000589
Balansfout in    7 Discharge down:        0.008507 Discharge up":        0.008507 error      -0.000624
Balansfout in    8 Discharge down:        0.008010 Discharge up":        0.008010 error      -0.000662
Balansfout in    9 Discharge down:        0.007512 Discharge up":        0.007512 error      -0.000706
Balansfout in   10 Discharge down:        0.007015 Discharge up":        0.007015 error      -0.000756
Balansfout in   11 Discharge down:        0.006517 Discharge up":        0.006517 error      -0.000814
Balansfout in   12 Discharge down:        0.006020 Discharge up":        0.006020 error      -0.000881
Balansfout in   13 Discharge down:        0.005522 Discharge up":        0.005522 error      -0.000961
Balansfout in   17 Discharge down:        0.004496 Discharge up":        0.004496 error      -0.001255
Balansfout in   18 Discharge down:        0.003967 Discharge up":        0.003967 error      -0.001422
Balansfout in   19 Discharge down:        0.003438 Discharge up":        0.003438 error      -0.001641
Balansfout in   20 Discharge down:        0.002909 Discharge up":        0.002909 error      -0.001939
Balansfout in   21 Discharge down:        0.002380 Discharge up":        0.002380 error      -0.002370
Balansfout in   22 Discharge down:        0.001851 Discharge up":        0.001851 error      -0.003047
Balansfout in   23 Discharge down:        0.001322 Discharge up":        0.001322 error      -0.004266
Balansfout in   24 Discharge down:        0.000793 Discharge up":        0.000793 error      -0.007110
Balansfout in   25 Discharge down:        0.000264 Discharge up":        0.000265 error      -0.021331
Balansfout in    5 Discharge down:        0.009502 Discharge up":        0.009503 error      -0.000556
Balansfout in    6 Discharge down:        0.009005 Discharge up":        0.009005 error      -0.000586
Balansfout in    7 Discharge down:        0.008507 Discharge up":        0.008507 error      -0.000621
Balansfout in    8 Discharge down:        0.008010 Discharge up":        0.008010 error      -0.000659
Balansfout in    9 Discharge down:        0.007512 Discharge up":        0.007512 error      -0.000703
Balansfout in   10 Discharge down:        0.007015 Discharge up":        0.007015 error      -0.000753
Balansfout in   11 Discharge down:        0.006517 Discharge up":        0.006517 error      -0.000810
Balansfout in   12 Discharge down:        0.006020 Discharge up":        0.006020 error      -0.000877
Balansfout in   13 Discharge down:        0.005522 Discharge up":        0.005522 error      -0.000956
Balansfout in   17 Discharge down:        0.004496 Discharge up":        0.004496 error      -0.001248
Balansfout in   18 Discharge down:        0.003967 Discharge up":        0.003967 error      -0.001415
Balansfout in   19 Discharge down:        0.003438 Discharge up":        0.003438 error      -0.001632
Balansfout in   20 Discharge down:        0.002909 Discharge up":        0.002909 error      -0.001929
Balansfout in   21 Discharge down:        0.002380 Discharge up":        0.002380 error      -0.002358
Balansfout in   22 Discharge down:        0.001851 Discharge up":        0.001851 error      -0.003032
Balansfout in   23 Discharge down:        0.001322 Discharge up":        0.001322 error      -0.004244
Balansfout in   24 Discharge down:        0.000793 Discharge up":        0.000793 error      -0.007074
Balansfout in   25 Discharge down:        0.000264 Discharge up":        0.000265 error      -0.021222
Balansfout in    5 Discharge down:        0.009502 Discharge up":        0.009502 error      -0.000553
Balansfout in    6 Discharge down:        0.009005 Discharge up":        0.009005 error      -0.000583
Balansfout in    7 Discharge down:        0.008507 Discharge up":        0.008507 error      -0.000617
Balansfout in    8 Discharge down:        0.008010 Discharge up":        0.008010 error      -0.000656
Balansfout in    9 Discharge down:        0.007512 Discharge up":        0.007512 error      -0.000699
Balansfout in   10 Discharge down:        0.007015 Discharge up":        0.007015 error      -0.000749
Balansfout in   11 Discharge down:        0.006517 Discharge up":        0.006517 error      -0.000806
Balansfout in   12 Discharge down:        0.006020 Discharge up":        0.006020 error      -0.000872
Balansfout in   13 Discharge down:        0.005522 Discharge up":        0.005522 error      -0.000951
Balansfout in   17 Discharge down:        0.004496 Discharge up":        0.004496 error      -0.001242
Balansfout in   18 Discharge down:        0.003967 Discharge up":        0.003967 error      -0.001408
Balansfout in   19 Discharge down:        0.003438 Discharge up":        0.003438 error      -0.001624
Balansfout in   20 Discharge down:        0.002909 Discharge up":        0.002909 error      -0.001920
Balansfout in   21 Discharge down:        0.002380 Discharge up":        0.002380 error      -0.002346
Balansfout in   22 Discharge down:        0.001851 Discharge up":        0.001851 error      -0.003016
Balansfout in   23 Discharge down:        0.001322 Discharge up":        0.001322 error      -0.004223
Balansfout in   24 Discharge down:        0.000793 Discharge up":        0.000793 error      -0.007038
Balansfout in   25 Discharge down:        0.000264 Discharge up":        0.000265 error      -0.021115
Balansfout in    5 Discharge down:        0.009502 Discharge up":        0.009502 error      -0.000550
Balansfout in    6 Discharge down:        0.009005 Discharge up":        0.009005 error      -0.000580
Balansfout in    7 Discharge down:        0.008507 Discharge up":        0.008507 error      -0.000614
Balansfout in    8 Discharge down:        0.008010 Discharge up":        0.008010 error      -0.000652
Balansfout in    9 Discharge down:        0.007512 Discharge up":        0.007512 error      -0.000696
Balansfout in   10 Discharge down:        0.007015 Discharge up":        0.007015 error      -0.000745
Balansfout in   11 Discharge down:        0.006517 Discharge up":        0.006517 error      -0.000802
Balansfout in   12 Discharge down:        0.006020 Discharge up":        0.006020 error      -0.000868
Balansfout in   13 Discharge down:        0.005522 Discharge up":        0.005522 error      -0.000946
Balansfout in   17 Discharge down:        0.004496 Discharge up":        0.004496 error      -0.001236
Balansfout in   18 Discharge down:        0.003967 Discharge up":        0.003967 error      -0.001401
Balansfout in   19 Discharge down:        0.003438 Discharge up":        0.003438 error      -0.001616
Balansfout in   20 Discharge down:        0.002909 Discharge up":        0.002909 error      -0.001910
Balansfout in   21 Discharge down:        0.002380 Discharge up":        0.002380 error      -0.002334
Balansfout in   22 Discharge down:        0.001851 Discharge up":        0.001851 error      -0.003001
Balansfout in   23 Discharge down:        0.001322 Discharge up":        0.001322 error      -0.004202
Balansfout in   24 Discharge down:        0.000793 Discharge up":        0.000793 error      -0.007003
Balansfout in   25 Discharge down:        0.000264 Discharge up":        0.000265 error      -0.021008
Balansfout in    5 Discharge down:        0.009502 Discharge up":        0.009502 error      -0.000547
Balansfout in    6 Discharge down:        0.009005 Discharge up":        0.009005 error      -0.000577
Balansfout in    7 Discharge down:        0.008507 Discharge up":        0.008507 error      -0.000611
Balansfout in    8 Discharge down:        0.008010 Discharge up":        0.008010 error      -0.000649
Balansfout in    9 Discharge down:        0.007512 Discharge up":        0.007512 error      -0.000692
Balansfout in   10 Discharge down:        0.007015 Discharge up":        0.007015 error      -0.000741
Balansfout in   11 Discharge down:        0.006517 Discharge up":        0.006517 error      -0.000798
Balansfout in   12 Discharge down:        0.006020 Discharge up":        0.006020 error      -0.000864
Balansfout in   13 Discharge down:        0.005522 Discharge up":        0.005522 error      -0.000942
Balansfout in   17 Discharge down:        0.004496 Discharge up":        0.004496 error      -0.001230
Balansfout in   18 Discharge down:        0.003967 Discharge up":        0.003967 error      -0.001394
Balansfout in   19 Discharge down:        0.003438 Discharge up":        0.003438 error      -0.001608
Balansfout in   20 Discharge down:        0.002909 Discharge up":        0.002909 error      -0.001900
Balansfout in   21 Discharge down:        0.002380 Discharge up":        0.002380 error      -0.002323
Balansfout in   22 Discharge down:        0.001851 Discharge up":        0.001851 error      -0.002986
Balansfout in   23 Discharge down:        0.001322 Discharge up":        0.001322 error      -0.004181
Balansfout in   24 Discharge down:        0.000793 Discharge up":        0.000793 error      -0.006968
Balansfout in   25 Discharge down:        0.000264 Discharge up":        0.000265 error      -0.020903
Balansfout in    5 Discharge down:        0.009502 Discharge up":        0.009502 error      -0.000544
Balansfout in    6 Discharge down:        0.009005 Discharge up":        0.009005 error      -0.000575
Balansfout in    7 Discharge down:        0.008507 Discharge up":        0.008507 error      -0.000608
Balansfout in    8 Discharge down:        0.008010 Discharge up":        0.008010 error      -0.000646
Balansfout in    9 Discharge down:        0.007512 Discharge up":        0.007512 error      -0.000689
Balansfout in   10 Discharge down:        0.007015 Discharge up":        0.007015 error      -0.000738
Balansfout in   11 Discharge down:        0.006517 Discharge up":        0.006517 error      -0.000794
Balansfout in   12 Discharge down:        0.006020 Discharge up":        0.006020 error      -0.000859
Balansfout in   13 Discharge down:        0.005522 Discharge up":        0.005522 error      -0.000937
Balansfout in   17 Discharge down:        0.004496 Discharge up":        0.004496 error      -0.001223
Balansfout in   18 Discharge down:        0.003967 Discharge up":        0.003967 error      -0.001387
Balansfout in   19 Discharge down:        0.003438 Discharge up":        0.003438 error      -0.001600
Balansfout in   20 Discharge down:        0.002909 Discharge up":        0.002909 error      -0.001891
Balansfout in   21 Discharge down:        0.002380 Discharge up":        0.002380 error      -0.002311
Balansfout in   22 Discharge down:        0.001851 Discharge up":        0.001851 error      -0.002971
Balansfout in   23 Discharge down:        0.001322 Discharge up":        0.001322 error      -0.004160
Balansfout in   24 Discharge down:        0.000793 Discharge up":        0.000793 error      -0.006933
Balansfout in   25 Discharge down:        0.000264 Discharge up":        0.000265 error      -0.020799
Balansfout in    5 Discharge down:        0.009502 Discharge up":        0.009502 error      -0.000542
Balansfout in    6 Discharge down:        0.009005 Discharge up":        0.009005 error      -0.000572
Balansfout in    7 Discharge down:        0.008507 Discharge up":        0.008507 error      -0.000605
Balansfout in    8 Discharge down:        0.008010 Discharge up":        0.008010 error      -0.000643
Balansfout in    9 Discharge down:        0.007512 Discharge up":        0.007512 error      -0.000685
Balansfout in   10 Discharge down:        0.007015 Discharge up":        0.007015 error      -0.000734
Balansfout in   11 Discharge down:        0.006517 Discharge up":        0.006517 error      -0.000790
Balansfout in   12 Discharge down:        0.006020 Discharge up":        0.006020 error      -0.000855
Balansfout in   13 Discharge down:        0.005522 Discharge up":        0.005522 error      -0.000932
Balansfout in   17 Discharge down:        0.004496 Discharge up":        0.004496 error      -0.001217
Balansfout in   18 Discharge down:        0.003967 Discharge up":        0.003967 error      -0.001380
Balansfout in   19 Discharge down:        0.003438 Discharge up":        0.003438 error      -0.001592
Balansfout in   20 Discharge down:        0.002909 Discharge up":        0.002909 error      -0.001881
Balansfout in   21 Discharge down:        0.002380 Discharge up":        0.002380 error      -0.002300
Balansfout in   22 Discharge down:        0.001851 Discharge up":        0.001851 error      -0.002957
Balansfout in   23 Discharge down:        0.001322 Discharge up":        0.001322 error      -0.004139
Balansfout in   24 Discharge down:        0.000793 Discharge up":        0.000793 error      -0.006899
Balansfout in   25 Discharge down:        0.000264 Discharge up":        0.000265 error      -0.020696
Balansfout in    5 Discharge down:        0.009502 Discharge up":        0.009502 error      -0.000539
Balansfout in    6 Discharge down:        0.009005 Discharge up":        0.009005 error      -0.000569
Balansfout in    7 Discharge down:        0.008507 Discharge up":        0.008507 error      -0.000602
Balansfout in    8 Discharge down:        0.008010 Discharge up":        0.008010 error      -0.000640
Balansfout in    9 Discharge down:        0.007512 Discharge up":        0.007512 error      -0.000682
Balansfout in   10 Discharge down:        0.007015 Discharge up":        0.007015 error      -0.000730
Balansfout in   11 Discharge down:        0.006517 Discharge up":        0.006517 error      -0.000786
Balansfout in   12 Discharge down:        0.006020 Discharge up":        0.006020 error      -0.000851
Balansfout in   13 Discharge down:        0.005522 Discharge up":        0.005522 error      -0.000928
Balansfout in   17 Discharge down:        0.004496 Discharge up":        0.004496 error      -0.001211
Balansfout in   18 Discharge down:        0.003967 Discharge up":        0.003967 error      -0.001373
Balansfout in   19 Discharge down:        0.003438 Discharge up":        0.003438 error      -0.001584
Balansfout in   20 Discharge down:        0.002909 Discharge up":        0.002909 error      -0.001872
Balansfout in   21 Discharge down:        0.002380 Discharge up":        0.002380 error      -0.002288
Balansfout in   22 Discharge down:        0.001851 Discharge up":        0.001851 error      -0.002942
Balansfout in   23 Discharge down:        0.001322 Discharge up":        0.001322 error      -0.004119
Balansfout in   24 Discharge down:        0.000793 Discharge up":        0.000793 error      -0.006864
Balansfout in   25 Discharge down:        0.000264 Discharge up":        0.000265 error      -0.020593
Balansfout in    5 Discharge down:        0.009502 Discharge up":        0.009502 error      -0.000536
Balansfout in    6 Discharge down:        0.009005 Discharge up":        0.009005 error      -0.000566
Balansfout in    7 Discharge down:        0.008507 Discharge up":        0.008507 error      -0.000599
Balansfout in    8 Discharge down:        0.008010 Discharge up":        0.008010 error      -0.000636
Balansfout in    9 Discharge down:        0.007512 Discharge up":        0.007512 error      -0.000679
Balansfout in   10 Discharge down:        0.007015 Discharge up":        0.007015 error      -0.000727
Balansfout in   11 Discharge down:        0.006517 Discharge up":        0.006517 error      -0.000782
Balansfout in   12 Discharge down:        0.006020 Discharge up":        0.006020 error      -0.000847
Balansfout in   13 Discharge down:        0.005522 Discharge up":        0.005522 error      -0.000923
Balansfout in   17 Discharge down:        0.004496 Discharge up":        0.004496 error      -0.001205
Balansfout in   18 Discharge down:        0.003967 Discharge up":        0.003967 error      -0.001366
Balansfout in   19 Discharge down:        0.003438 Discharge up":        0.003438 error      -0.001576
Balansfout in   20 Discharge down:        0.002909 Discharge up":        0.002909 error      -0.001863
Balansfout in   21 Discharge down:        0.002380 Discharge up":        0.002380 error      -0.002277
Balansfout in   22 Discharge down:        0.001851 Discharge up":        0.001851 error      -0.002927
Balansfout in   23 Discharge down:        0.001322 Discharge up":        0.001322 error      -0.004098
Balansfout in   24 Discharge down:        0.000793 Discharge up":        0.000793 error      -0.006831
Balansfout in   25 Discharge down:        0.000264 Discharge up":        0.000265 error      -0.020492
Balansfout in    5 Discharge down:        0.009502 Discharge up":        0.009502 error      -0.000533
Balansfout in    6 Discharge down:        0.009005 Discharge up":        0.009005 error      -0.000563
Balansfout in    7 Discharge down:        0.008507 Discharge up":        0.008507 error      -0.000596
Balansfout in    8 Discharge down:        0.008010 Discharge up":        0.008010 error      -0.000633
Balansfout in    9 Discharge down:        0.007512 Discharge up":        0.007512 error      -0.000675
Balansfout in   10 Discharge down:        0.007015 Discharge up":        0.007015 error      -0.000722
Balansfout in   11 Discharge down:        0.006517 Discharge up":        0.006517 error      -0.000778
Balansfout in   12 Discharge down:        0.006020 Discharge up":        0.006020 error      -0.000842
Balansfout in   13 Discharge down:        0.005522 Discharge up":        0.005522 error      -0.000918
Balansfout in   17 Discharge down:        0.004496 Discharge up":        0.004496 error      -0.001198
Balansfout in   18 Discharge down:        0.003967 Discharge up":        0.003967 error      -0.001358
Balansfout in   19 Discharge down:        0.003438 Discharge up":        0.003438 error      -0.001567
Balansfout in   20 Discharge down:        0.002909 Discharge up":        0.002909 error      -0.001852
Balansfout in   21 Discharge down:        0.002380 Discharge up":        0.002380 error      -0.002263
Balansfout in   22 Discharge down:        0.001851 Discharge up":        0.001851 error      -0.002910
Balansfout in   23 Discharge down:        0.001322 Discharge up":        0.001322 error      -0.004074
Balansfout in   24 Discharge down:        0.000793 Discharge up":        0.000793 error      -0.006790
Balansfout in   25 Discharge down:        0.000264 Discharge up":        0.000265 error      -0.020371
Balansfout in    5 Discharge down:        0.009502 Discharge up":        0.009502 error      -0.000530
Balansfout in    6 Discharge down:        0.009005 Discharge up":        0.009005 error      -0.000559
Balansfout in    7 Discharge down:        0.008507 Discharge up":        0.008507 error      -0.000592
Balansfout in    8 Discharge down:        0.008010 Discharge up":        0.008010 error      -0.000628
Balansfout in    9 Discharge down:        0.007512 Discharge up":        0.007512 error      -0.000670
Balansfout in   10 Discharge down:        0.007015 Discharge up":        0.007015 error      -0.000717
Balansfout in   11 Discharge down:        0.006517 Discharge up":        0.006517 error      -0.000772
Balansfout in   12 Discharge down:        0.006020 Discharge up":        0.006020 error      -0.000836
Balansfout in   13 Discharge down:        0.005522 Discharge up":        0.005522 error      -0.000911
Balansfout in   17 Discharge down:        0.004496 Discharge up":        0.004496 error      -0.001190
Balansfout in   18 Discharge down:        0.003967 Discharge up":        0.003967 error      -0.001349
Balansfout in   19 Discharge down:        0.003438 Discharge up":        0.003438 error      -0.001556
Balansfout in   20 Discharge down:        0.002909 Discharge up":        0.002909 error      -0.001839
Balansfout in   21 Discharge down:        0.002380 Discharge up":        0.002380 error      -0.002248
Balansfout in   22 Discharge down:        0.001851 Discharge up":        0.001851 error      -0.002890
Balansfout in   23 Discharge down:        0.001322 Discharge up":        0.001322 error      -0.004047
Balansfout in   24 Discharge down:        0.000793 Discharge up":        0.000793 error      -0.006744
Balansfout in   25 Discharge down:        0.000264 Discharge up":        0.000265 error      -0.020233
Balansfout in    5 Discharge down:        0.009502 Discharge up":        0.009502 error      -0.000527
Balansfout in    6 Discharge down:        0.009005 Discharge up":        0.009005 error      -0.000556
Balansfout in    7 Discharge down:        0.008507 Discharge up":        0.008507 error      -0.000589
Balansfout in    8 Discharge down:        0.008010 Discharge up":        0.008010 error      -0.000625
Balansfout in    9 Discharge down:        0.007512 Discharge up":        0.007512 error      -0.000667
Balansfout in   10 Discharge down:        0.007015 Discharge up":        0.007015 error      -0.000714
Balansfout in   11 Discharge down:        0.006517 Discharge up":        0.006517 error      -0.000768
Balansfout in   12 Discharge down:        0.006020 Discharge up":        0.006020 error      -0.000832
Balansfout in   13 Discharge down:        0.005522 Discharge up":        0.005522 error      -0.000907
Balansfout in   17 Discharge down:        0.004496 Discharge up":        0.004496 error      -0.001184
Balansfout in   18 Discharge down:        0.003967 Discharge up":        0.003967 error      -0.001342
Balansfout in   19 Discharge down:        0.003438 Discharge up":        0.003438 error      -0.001549
Balansfout in   20 Discharge down:        0.002909 Discharge up":        0.002909 error      -0.001830
Balansfout in   21 Discharge down:        0.002380 Discharge up":        0.002380 error      -0.002237
Balansfout in   22 Discharge down:        0.001851 Discharge up":        0.001851 error      -0.002876
Balansfout in   23 Discharge down:        0.001322 Discharge up":        0.001322 error      -0.004027
Balansfout in   24 Discharge down:        0.000793 Discharge up":        0.000793 error      -0.006712
Balansfout in   25 Discharge down:        0.000264 Discharge up":        0.000265 error      -0.020135
Balansfout in   17 Discharge down:        0.004496 Discharge up":        0.004496 error      -0.001179
Balansfout in   18 Discharge down:        0.003967 Discharge up":        0.003967 error      -0.001336
Balansfout in   19 Discharge down:        0.003438 Discharge up":        0.003438 error      -0.001541
Balansfout in   20 Discharge down:        0.002909 Discharge up":        0.002909 error      -0.001822
Balansfout in   21 Discharge down:        0.002380 Discharge up":        0.002380 error      -0.002226
Balansfout in   22 Discharge down:        0.001851 Discharge up":        0.001851 error      -0.002863
Balansfout in   23 Discharge down:        0.001322 Discharge up":        0.001322 error      -0.004008
Balansfout in   24 Discharge down:        0.000793 Discharge up":        0.000793 error      -0.006679
Balansfout in   25 Discharge down:        0.000264 Discharge up":        0.000265 error      -0.020038
Balansfout in   17 Discharge down:        0.004496 Discharge up":        0.004496 error      -0.001173
Balansfout in   18 Discharge down:        0.003967 Discharge up":        0.003967 error      -0.001329
Balansfout in   19 Discharge down:        0.003438 Discharge up":        0.003438 error      -0.001534
Balansfout in   20 Discharge down:        0.002909 Discharge up":        0.002909 error      -0.001813
Balansfout in   21 Discharge down:        0.002380 Discharge up":        0.002380 error      -0.002216
Balansfout in   22 Discharge down:        0.001851 Discharge up":        0.001851 error      -0.002849
Balansfout in   23 Discharge down:        0.001322 Discharge up":        0.001322 error      -0.003988
Balansfout in   24 Discharge down:        0.000793 Discharge up":        0.000793 error      -0.006647
Balansfout in   25 Discharge down:        0.000264 Discharge up":        0.000265 error      -0.019942
Balansfout in   17 Discharge down:        0.004496 Discharge up":        0.004496 error      -0.001167
Balansfout in   18 Discharge down:        0.003967 Discharge up":        0.003967 error      -0.001323
Balansfout in   19 Discharge down:        0.003438 Discharge up":        0.003438 error      -0.001527
Balansfout in   20 Discharge down:        0.002909 Discharge up":        0.002909 error      -0.001804
Balansfout in   21 Discharge down:        0.002380 Discharge up":        0.002380 error      -0.002205
Balansfout in   22 Discharge down:        0.001851 Discharge up":        0.001851 error      -0.002835
Balansfout in   23 Discharge down:        0.001322 Discharge up":        0.001322 error      -0.003969
Balansfout in   24 Discharge down:        0.000793 Discharge up":        0.000793 error      -0.006615
Balansfout in   25 Discharge down:        0.000264 Discharge up":        0.000265 error      -0.019846
Balansfout in   17 Discharge down:        0.004496 Discharge up":        0.004496 error      -0.001162
Balansfout in   18 Discharge down:        0.003967 Discharge up":        0.003967 error      -0.001317
Balansfout in   19 Discharge down:        0.003438 Discharge up":        0.003438 error      -0.001519
Balansfout in   20 Discharge down:        0.002909 Discharge up":        0.002909 error      -0.001796
Balansfout in   21 Discharge down:        0.002380 Discharge up":        0.002380 error      -0.002195
Balansfout in   22 Discharge down:        0.001851 Discharge up":        0.001851 error      -0.002822
Balansfout in   23 Discharge down:        0.001322 Discharge up":        0.001322 error      -0.003950
Balansfout in   24 Discharge down:        0.000793 Discharge up":        0.000793 error      -0.006584
Balansfout in   25 Discharge down:        0.000264 Discharge up":        0.000265 error      -0.019752
Balansfout in   17 Discharge down:        0.004496 Discharge up":        0.004496 error      -0.001156
Balansfout in   18 Discharge down:        0.003967 Discharge up":        0.003967 error      -0.001311
Balansfout in   19 Discharge down:        0.003438 Discharge up":        0.003438 error      -0.001512
Balansfout in   20 Discharge down:        0.002909 Discharge up":        0.002909 error      -0.001787
Balansfout in   21 Discharge down:        0.002380 Discharge up":        0.002380 error      -0.002184
Balansfout in   22 Discharge down:        0.001851 Discharge up":        0.001851 error      -0.002808
Balansfout in   23 Discharge down:        0.001322 Discharge up":        0.001322 error      -0.003932
Balansfout in   24 Discharge down:        0.000793 Discharge up":        0.000793 error      -0.006553
Balansfout in   25 Discharge down:        0.000264 Discharge up":        0.000265 error      -0.019658
Balansfout in   17 Discharge down:        0.004496 Discharge up":        0.004496 error      -0.001151
Balansfout in   18 Discharge down:        0.003967 Discharge up":        0.003967 error      -0.001304
Balansfout in   19 Discharge down:        0.003438 Discharge up":        0.003438 error      -0.001505
Balansfout in   20 Discharge down:        0.002909 Discharge up":        0.002909 error      -0.001779
Balansfout in   21 Discharge down:        0.002380 Discharge up":        0.002380 error      -0.002174
Balansfout in   22 Discharge down:        0.001851 Discharge up":        0.001851 error      -0.002795
Balansfout in   23 Discharge down:        0.001322 Discharge up":        0.001322 error      -0.003913
Balansfout in   24 Discharge down:        0.000793 Discharge up":        0.000793 error      -0.006522
Balansfout in   25 Discharge down:        0.000264 Discharge up":        0.000265 error      -0.019566
Balansfout in   17 Discharge down:        0.004496 Discharge up":        0.004496 error      -0.001146
Balansfout in   18 Discharge down:        0.003967 Discharge up":        0.003967 error      -0.001298
Balansfout in   19 Discharge down:        0.003438 Discharge up":        0.003438 error      -0.001498
Balansfout in   20 Discharge down:        0.002909 Discharge up":        0.002909 error      -0.001770
Balansfout in   21 Discharge down:        0.002380 Discharge up":        0.002380 error      -0.002164
Balansfout in   22 Discharge down:        0.001851 Discharge up":        0.001851 error      -0.002782
Balansfout in   23 Discharge down:        0.001322 Discharge up":        0.001322 error      -0.003895
Balansfout in   24 Discharge down:        0.000793 Discharge up":        0.000793 error      -0.006491
Balansfout in   25 Discharge down:        0.000264 Discharge up":        0.000265 error      -0.019474
Balansfout in   17 Discharge down:        0.004496 Discharge up":        0.004496 error      -0.001140
Balansfout in   18 Discharge down:        0.003967 Discharge up":        0.003967 error      -0.001292
Balansfout in   19 Discharge down:        0.003438 Discharge up":        0.003438 error      -0.001491
Balansfout in   20 Discharge down:        0.002909 Discharge up":        0.002909 error      -0.001762
Balansfout in   21 Discharge down:        0.002380 Discharge up":        0.002380 error      -0.002154
Balansfout in   22 Discharge down:        0.001851 Discharge up":        0.001851 error      -0.002769
Balansfout in   23 Discharge down:        0.001322 Discharge up":        0.001322 error      -0.003877
Balansfout in   24 Discharge down:        0.000793 Discharge up":        0.000793 error      -0.006461
Balansfout in   25 Discharge down:        0.000264 Discharge up":        0.000265 error      -0.019383
Balansfout in   17 Discharge down:        0.004496 Discharge up":        0.004496 error      -0.001135
Balansfout in   18 Discharge down:        0.003967 Discharge up":        0.003967 error      -0.001286
Balansfout in   19 Discharge down:        0.003438 Discharge up":        0.003438 error      -0.001484
Balansfout in   20 Discharge down:        0.002909 Discharge up":        0.002909 error      -0.001754
Balansfout in   21 Discharge down:        0.002380 Discharge up":        0.002380 error      -0.002144
Balansfout in   22 Discharge down:        0.001851 Discharge up":        0.001851 error      -0.002756
Balansfout in   23 Discharge down:        0.001322 Discharge up":        0.001322 error      -0.003859
Balansfout in   24 Discharge down:        0.000793 Discharge up":        0.000793 error      -0.006431
Balansfout in   25 Discharge down:        0.000264 Discharge up":        0.000265 error      -0.019293
Balansfout in    5 Discharge down:       -0.002544 Discharge up":       -0.002544 error      -0.002835
Balansfout in    6 Discharge down:       -0.015077 Discharge up":       -0.015077 error      -0.000524
Balansfout in    7 Discharge down:       -0.027592 Discharge up":       -0.027592 error      -0.000331
Balansfout in    8 Discharge down:       -0.040078 Discharge up":       -0.040078 error      -0.000276
Balansfout in    9 Discharge down:        0.197475 Discharge up":        0.197475 error      -0.000070
Balansfout in   10 Discharge down:        0.184980 Discharge up":        0.184981 error      -0.000035
Balansfout in   18 Discharge down:        0.106034 Discharge up":        0.106034 error      -0.000065
Balansfout in   19 Discharge down:        0.092030 Discharge up":        0.092031 error      -0.000109
Balansfout in   20 Discharge down:        0.077968 Discharge up":        0.077968 error      -0.000170
Balansfout in   21 Discharge down:        0.063856 Discharge up":        0.063856 error      -0.000253
Balansfout in   22 Discharge down:        0.049705 Discharge up":        0.049705 error      -0.000375
Balansfout in   23 Discharge down:        0.035524 Discharge up":        0.035524 error      -0.000579
Balansfout in   24 Discharge down:        0.021322 Discharge up":        0.021323 error      -0.001026
Balansfout in   25 Discharge down:        0.007109 Discharge up":        0.007109 error      -0.003170
Balansfout in    5 Discharge down:        0.009196 Discharge up":        0.009196 error      -0.001336
Balansfout in    6 Discharge down:        0.008382 Discharge up":        0.008382 error      -0.001553
Balansfout in    7 Discharge down:        0.007549 Discharge up":        0.007550 error      -0.001901
Balansfout in    8 Discharge down:        0.006688 Discharge up":        0.006688 error      -0.002462
Balansfout in    9 Discharge down:        0.005788 Discharge up":        0.005789 error      -0.003384
Balansfout in   10 Discharge down:        0.004915 Discharge up":        0.004915 error      -0.002846
Balansfout in   11 Discharge down:        0.004139 Discharge up":        0.004140 error      -0.002238
Balansfout in   12 Discharge down:        0.003461 Discharge up":        0.003461 error      -0.001765
Balansfout in   22 Discharge down:        0.000490 Discharge up":        0.000490 error      -0.010345
Balansfout in   23 Discharge down:        0.000329 Discharge up":        0.000329 error      -0.017051
Balansfout in   24 Discharge down:        0.000189 Discharge up":        0.000189 error      -0.031757
Balansfout in   25 Discharge down:        0.000062 Discharge up":        0.000062 error      -0.100808
opened file : ..\work\flow_bal.out
closed file : ..\work\flow_bal.out
cpu computation =       0.140625
---------------------------------
Normal end of Sobeksim
closed file : ..\work\sobek.log
